<?xml version="1.0" encoding="UTF-8"?>
<testng-results skipped="0" failed="0" total="1" passed="1">
  <reporter-output>
  </reporter-output>
  <suite name="Suite" duration-ms="32" started-at="2019-12-05T18:17:15Z" finished-at="2019-12-05T18:17:15Z">
    <groups>
    </groups>
    <test name="Test" duration-ms="32" started-at="2019-12-05T18:17:15Z" finished-at="2019-12-05T18:17:15Z">
      <class name="Test.TestCase_01">
        <test-method status="PASS" signature="test()[pri:0, instance:Test.TestCase_01@4fccd51b]" name="test" duration-ms="8" started-at="2019-12-05T23:47:15Z" finished-at="2019-12-05T23:47:15Z">
          <reporter-output>
          </reporter-output>
        </test-method> <!-- test -->
      </class> <!-- Test.TestCase_01 -->
    </test> <!-- Test -->
  </suite> <!-- Suite -->
</testng-results>
